Method 'SystemVoidCosmosSystemKernelStart', ID = '0'
Method 'SystemVoidCosmosIL2CPURuntimeEngineInitializeApplication', ID = '1'
Method 'SystemVoidCosmosIL2CPURuntimeEngineFinalizeApplicationSystemInt32', ID = '2'
Method 'SystemVoidCosmosIL2CPUVTablesImplSetMethodInfoSystemInt32SystemInt32SystemUInt32SystemUInt32', ID = '3'
Method 'SystemBooleanCosmosIL2CPUVTablesImplIsInstanceSystemUInt32SystemUInt32', ID = '4'
Method 'SystemVoidCosmosIL2CPUVTablesImplSetTypeInfoSystemInt32SystemUInt32SystemUInt32arraySystemUInt32arraySystemUInt32', ID = '5'
Method 'SystemUInt32CosmosIL2CPUVTablesImplGetMethodAddressForTypeSystemUInt32SystemUInt32', ID = '6'
Method 'SystemVoidCosmosIL2CPUExceptionHelperThrowNotImplementedSystemString', ID = '10'
Method 'SystemVoidCosmosIL2CPUExceptionHelperThrowOverflow', ID = '11'
Method 'SystemVoidSystemArrayctor', ID = '13'
Method 'SystemVoidSystemThrowHelperThrowInvalidOperationExceptionSystemExceptionResource', ID = '14'
Method 'SystemDelegatearraySystemMulticastDelegateGetInvocationList', ID = '15'
Method 'SystemVoidKernelctor', ID = '17'
Method 'SystemVoidCosmosDebugKernelDebuggerSendSystemString', ID = '22'
Method 'SystemVoidCosmosHALBootstrapInit', ID = '26'
Method 'CosmosHALTextScreenBaseCosmosSystemKernelGetTextScreen', ID = '27'
Method 'CosmosHALScanMapBaseCosmosSystemKernelGetKeyboardScanMap', ID = '28'
Method 'SystemVoidCosmosHALPS2KeyboardctorCosmosHALScanMapBase', ID = '29'
Method 'SystemVoidCosmosSystemGlobalInitCosmosHALTextScreenBaseCosmosHALKeyboard', ID = '30'
Method 'SystemVoidCosmosSystemKernelBeforeRun', ID = '31'
Method 'SystemVoidCosmosHALGlobalEnableInterrupts', ID = '32'
Method 'SystemVoidCosmosSystemKernelAfterRun', ID = '34'
Method 'SystemVoidCosmosIL2CPURuntimeEngineInitializeEngine', ID = '38'
Method 'SystemVoidCosmosIL2CPURuntimeEngineHeap_Initialize', ID = '39'
Method 'SystemVoidCosmosIL2CPURuntimeEngineFinalizeEngine', ID = '41'
Method 'SystemVoidCosmosIL2CPURuntimeEngineExitProcessSystemInt32', ID = '42'
Method 'SystemVoidCosmosIL2CPUVTablesImplDebugAndHaltSystemString', ID = '47'
Method 'SystemVoidCosmosIL2CPUVTablesImplDebugHexSystemStringSystemUInt32', ID = '51'
Method 'SystemVoidCosmosDebugKernelPlugsDebuggerSendKernelPanicSystemUInt32', ID = '54'
Method 'SystemVoidCosmosIL2CPUVTablesImplDebugSystemString', ID = '57'
Method 'SystemVoidCosmosCorePlugsGCImplementionImplIncRefCountSystemUInt32', ID = '63'
Method 'SystemVoidCosmosCorePlugsGCImplementionImplDecRefCountSystemUInt32', ID = '64'
Method 'SystemUInt32CosmosCorePlugsGCImplementionImplAllocNewObjectSystemUInt32', ID = '65'
Method 'SystemVoidSystemNotImplementedExceptionctorSystemString', ID = '67'
Method 'SystemVoidSystemOverflowExceptionctorSystemString', ID = '68'
Method 'SystemStringSystemThrowHelperGetResourceNameSystemExceptionResource', ID = '73'
Method 'SystemVoidSystemInvalidOperationExceptionctorSystemString', ID = '75'
Method 'SystemDelegatearraySystemDelegateGetInvocationList', ID = '78'
Method 'SystemInt32SystemIntPtrop_ExplicitSystemIntPtr', ID = '81'
Method 'SystemVoidCosmosSystemKernelctor', ID = '83'
Method 'SystemVoidCosmosSystemGlobalcctor', ID = '85'
Method 'SystemVoidCosmosIL2CPUPlugsSystemExceptionImplCtorSystemString', ID = '88'
Method 'SystemVoidCosmosCoreBootstrapInit', ID = '90'
Method 'SystemVoidCosmosSystemScanMapsUS_Standardctor', ID = '93'
Method 'SystemVoidCosmosHALKeyboardctorCosmosHALScanMapBase', ID = '98'
Method 'SystemVoidCosmosSystemConsolectorCosmosHALTextScreenBase', ID = '100'
Method 'SystemVoidCosmosHALGlobalInitCosmosHALTextScreenBaseCosmosHALKeyboard', ID = '102'
Method 'SystemVoidCosmosSystemGlobalset_NumLockSystemBoolean', ID = '103'
Method 'SystemVoidCosmosSystemGlobalset_CapsLockSystemBoolean', ID = '104'
Method 'SystemVoidCosmosSystemGlobalset_ScrollLockSystemBoolean', ID = '105'
Method 'SystemVoidKernelBeforeRun', ID = '106'
Method 'SystemVoidCosmosCoreCPUEnableInterrupts', ID = '108'
Method 'SystemVoidKernelRun', ID = '109'
Method 'SystemVoidCosmosSystemPlugsSystemConsoleImplWriteLineSystemString', ID = '111'
Method 'SystemStringSystemBooleanToString', ID = '116'
Method 'SystemStringCosmosIL2CPUPlugsSystemObjectImplToString', ID = '119'
Method 'SystemVoidCosmosIL2CPURuntimeEnginecctor', ID = '120'
Method 'SystemVoidCosmosIL2CPUVTablesImplcctor', ID = '121'
Method 'SystemVoidSystemBooleancctor', ID = '122'
Method 'SystemVoidCosmosCommonKernelPanicTypescctor', ID = '123'
Method 'SystemVoidCosmosDebugKernelPlugsDebuggerDoSendSystemString', ID = '125'
Method 'SystemVoidCosmosDebugKernelPlugsDebuggerDoSendNumberSystemUInt32', ID = '126'
Method 'SystemVoidCosmosCoreMemoryOldGlobalSystemInfoEnsureInitialized', ID = '128'
Method 'SystemUInt32CosmosCoreMemoryOldHeapMemAllocSystemUInt32', ID = '129'
Method 'SystemVoidSystemSystemExceptionctorSystemString', ID = '131'
Method 'SystemVoidSystemExceptionSetErrorCodeSystemInt32', ID = '132'
Method 'SystemVoidSystemArithmeticExceptionctorSystemString', ID = '134'
Method 'SystemVoidCosmosIL2CPUPlugsSystemObjectImplCtor', ID = '135'
Method 'SystemStringCosmosIL2CPUPlugsSystemEnvironmentImplGetResourceStringSystemString', ID = '138'
Method 'SystemVoidCosmosDebugKernelDebuggerctorSystemStringSystemString', ID = '141'
Method 'SystemVoidSystemExceptioncctor', ID = '143'
Method 'SystemVoidCosmosCoreINTsDummy', ID = '147'
Method 'SystemVoidCosmosCorePICctor', ID = '148'
Method 'SystemVoidCosmosHALScanMapBasector', ID = '156'
Method 'SystemVoidCosmosCoreGlobalcctor', ID = '157'
Method 'SystemVoidCosmosCoreBaseIOGroupscctor', ID = '158'
Method 'SystemVoidCosmosHALDevicector', ID = '159'
Method 'SystemVoidSystemCollectionsGenericQueue1CosmosHALKeyEventctor', ID = '161'
Method 'SystemVoidCosmosHALKeyboardSetKeyLayoutCosmosHALScanMapBase', ID = '162'
Method 'SystemVoidCosmosHALTextScreenctor', ID = '166'
Method 'SystemVoidCosmosCoreGlobalInit', ID = '170'
Method 'SystemVoidCosmosHALGlobalInitStaticDevices', ID = '171'
Method 'SystemVoidCosmosHALGlobalInitPciDevices', ID = '172'
Method 'SystemVoidCosmosHALGlobalInitAtaCosmosHALBlockDeviceAtaControllerIdEnumCosmosHALBlockDeviceAtaBusPositionEnum', ID = '173'
Method 'SystemVoidCosmosHALGlobalset_NumLockSystemBoolean', ID = '174'
Method 'SystemVoidCosmosHALGlobalset_CapsLockSystemBoolean', ID = '175'
Method 'SystemVoidCosmosHALGlobalset_ScrollLockSystemBoolean', ID = '176'
Method 'SystemVoidCosmosSystemFileSystemCosmosVFSctor', ID = '178'
Method 'SystemVoidCosmosSystemFileSystemVFSVFSManagerRegisterVFSCosmosSystemFileSystemVFSVFSBase', ID = '179'
Method 'SystemVoidCosmosHALGlobalcctor', ID = '180'
Method 'SystemStringSystemStringConcatSystemStringSystemString', ID = '185'
Method 'SystemVoidUtilitiesdrawlistitemSystemStringSystemString', ID = '186'
Method 'SystemBooleanSystemStringop_EqualitySystemStringSystemString', ID = '188'
Method 'SystemVoidCommandshelpSystemString', ID = '189'
Method 'SystemVoidCommandsCommandSystemStringSystemStringSystemStringSystemInt32', ID = '190'
Method 'SystemVoidKratOSSysCredits', ID = '191'
Method 'SystemVoidUtilitiesdrawlistitemSystemStringSystemStringSystemString', ID = '192'
Method 'SystemVoidCommandsMonitorModify', ID = '193'
Method 'SystemVoidKratOSSyslmod', ID = '194'
Method 'SystemStringarrayKernelGetDirFadrSystemString', ID = '195'
Method 'SystemStringarrayKernelGetFsFadrSystemString', ID = '196'
Method 'SystemVoidKratOSSysGTNL', ID = '197'
Method 'SystemVoidCommandsBadCmd', ID = '198'
Method 'SystemVoidSystemConsolecctor', ID = '199'
Method 'CosmosSystemConsoleCosmosSystemPlugsSystemConsoleImplGetConsole', ID = '201'
Method 'SystemVoidCosmosSystemConsoleWriteSystemString', ID = '202'
Method 'SystemVoidCosmosSystemConsoleNewLine', ID = '203'
Method 'SystemStringCosmosSystemPlugsSystemValueTypeImplToString', ID = '204'
Method 'SystemStringCosmosCorePlugsSystemStringImplToString', ID = '205'
Method 'SystemStringCosmosSystemPlugsSystemInt32ImplToString', ID = '206'
Method 'SystemStringCosmosSystemPlugsSystemUInt32ImplToString', ID = '207'
Method 'SystemStringCosmosSystemPlugsSystemEnumImplToString', ID = '208'
Method 'SystemStringCosmosIL2CPUPlugsSystemExceptionImplToString', ID = '209'
Method 'SystemUInt32CosmosCoreMemoryOldGlobalSystemInfoget_TotalDataLookupTableSize', ID = '219'
Method 'SystemBooleanCosmosCoreCPUDisableInterrupts', ID = '222'
Method 'SystemVoidCosmosCoreMemoryOldHeapEnsureIsInitialized', ID = '223'
Method 'CosmosCoreMemoryOldGlobalInformationTablepointerCosmosCoreMemoryOldGlobalSystemInfoget_GlobalInformationTable', ID = '225'
Method 'SystemBooleanCosmosCoreMemoryOldHeapScanDataLookupTableSystemUInt32CosmosCoreMemoryOldDataLookupTablepointerSystemUInt32SystemUInt32', ID = '226'
Method 'CosmosCoreMemoryOldDataLookupEntrypointerCosmosCoreMemoryOldDataLookupTableGetEntrySystemUInt32', ID = '229'
Method 'SystemVoidCosmosCoreMemoryOldHeapClearMemorySystemVoidpointerSystemUInt32', ID = '231'
Method 'SystemVoidSystemExceptionset_HResultSystemInt32', ID = '233'
Method 'SystemStringCosmosIL2CPUPlugsSystemEnvironmentImplGetResourceFromDefaultSystemString', ID = '237'
Method 'SystemVoidCosmosDebugKernelDebuggerset_mSectionSystemString', ID = '239'
Method 'SystemVoidCosmosCoreBootstrapcctor', ID = '241'
Method 'SystemVoidCosmosCoreINTsHandleInterrupt_DefaultCosmosCoreINTsIRQContext', ID = '244'
Method 'SystemVoidCosmosCoreINTsHandleInterrupt_00CosmosCoreINTsIRQContext', ID = '245'
Method 'SystemVoidCosmosCoreINTsHandleInterrupt_01CosmosCoreINTsIRQContext', ID = '246'
Method 'SystemVoidCosmosCoreINTsHandleInterrupt_02CosmosCoreINTsIRQContext', ID = '247'
Method 'SystemVoidCosmosCoreINTsHandleInterrupt_03CosmosCoreINTsIRQContext', ID = '248'
Method 'SystemVoidCosmosCoreINTsHandleInterrupt_04CosmosCoreINTsIRQContext', ID = '249'
Method 'SystemVoidCosmosCoreINTsHandleInterrupt_05CosmosCoreINTsIRQContext', ID = '250'
Method 'SystemVoidCosmosCoreINTsHandleInterrupt_06CosmosCoreINTsIRQContext', ID = '251'
Method 'SystemVoidCosmosCoreINTsHandleInterrupt_07CosmosCoreINTsIRQContext', ID = '252'
Method 'SystemVoidCosmosCoreINTsHandleInterrupt_08CosmosCoreINTsIRQContext', ID = '253'
Method 'SystemVoidCosmosCoreINTsHandleInterrupt_09CosmosCoreINTsIRQContext', ID = '254'
Method 'SystemVoidCosmosCoreINTsHandleInterrupt_0ACosmosCoreINTsIRQContext', ID = '255'
Method 'SystemVoidCosmosCoreINTsHandleInterrupt_0BCosmosCoreINTsIRQContext', ID = '256'
Method 'SystemVoidCosmosCoreINTsHandleInterrupt_0CCosmosCoreINTsIRQContext', ID = '257'
Method 'SystemVoidCosmosCoreINTsHandleInterrupt_0DCosmosCoreINTsIRQContext', ID = '258'
Method 'SystemVoidCosmosCoreINTsHandleInterrupt_0ECosmosCoreINTsIRQContext', ID = '259'
Method 'SystemVoidCosmosCoreINTsHandleInterrupt_0FCosmosCoreINTsIRQContext', ID = '260'
Method 'SystemVoidCosmosCoreINTsHandleInterrupt_10CosmosCoreINTsIRQContext', ID = '261'
Method 'SystemVoidCosmosCoreINTsHandleInterrupt_11CosmosCoreINTsIRQContext', ID = '262'
Method 'SystemVoidCosmosCoreINTsHandleInterrupt_12CosmosCoreINTsIRQContext', ID = '263'
Method 'SystemVoidCosmosCoreINTsHandleInterrupt_13CosmosCoreINTsIRQContext', ID = '264'
Method 'SystemVoidCosmosCoreINTsHandleInterrupt_20CosmosCoreINTsIRQContext', ID = '265'
Method 'SystemVoidCosmosCoreINTsHandleInterrupt_21CosmosCoreINTsIRQContext', ID = '266'
Method 'SystemVoidCosmosCoreINTsHandleInterrupt_22CosmosCoreINTsIRQContext', ID = '267'
Method 'SystemVoidCosmosCoreINTsHandleInterrupt_23CosmosCoreINTsIRQContext', ID = '268'
Method 'SystemVoidCosmosCoreINTsHandleInterrupt_24CosmosCoreINTsIRQContext', ID = '269'
Method 'SystemVoidCosmosCoreINTsHandleInterrupt_25CosmosCoreINTsIRQContext', ID = '270'
Method 'SystemVoidCosmosCoreINTsHandleInterrupt_26CosmosCoreINTsIRQContext', ID = '271'
Method 'SystemVoidCosmosCoreINTsHandleInterrupt_27CosmosCoreINTsIRQContext', ID = '272'
Method 'SystemVoidCosmosCoreINTsHandleInterrupt_28CosmosCoreINTsIRQContext', ID = '273'
Method 'SystemVoidCosmosCoreINTsHandleInterrupt_29CosmosCoreINTsIRQContext', ID = '274'
Method 'SystemVoidCosmosCoreINTsHandleInterrupt_2ACosmosCoreINTsIRQContext', ID = '275'
Method 'SystemVoidCosmosCoreINTsHandleInterrupt_2BCosmosCoreINTsIRQContext', ID = '276'
Method 'SystemVoidCosmosCoreINTsHandleInterrupt_2CCosmosCoreINTsIRQContext', ID = '277'
Method 'SystemVoidCosmosCoreINTsHandleInterrupt_2DCosmosCoreINTsIRQContext', ID = '278'
Method 'SystemVoidCosmosCoreINTsHandleInterrupt_2ECosmosCoreINTsIRQContext', ID = '279'
Method 'SystemVoidCosmosCoreINTsHandleInterrupt_2FCosmosCoreINTsIRQContext', ID = '280'
Method 'SystemVoidCosmosCoreINTsHandleInterrupt_30CosmosCoreINTsIRQContext', ID = '281'
Method 'SystemVoidCosmosCoreINTsHandleInterrupt_35CosmosCoreINTsIRQContext', ID = '282'
Method 'SystemVoidCosmosCoreINTsHandleInterrupt_40CosmosCoreINTsIRQContext', ID = '283'
Method 'SystemVoidCosmosCoreINTsHandleInterrupt_41CosmosCoreINTsIRQContext', ID = '284'
Method 'SystemVoidCosmosCoreINTsHandleInterrupt_42CosmosCoreINTsIRQContext', ID = '285'
Method 'SystemVoidCosmosCoreINTsHandleInterrupt_43CosmosCoreINTsIRQContext', ID = '286'
Method 'SystemVoidCosmosCoreINTsHandleInterrupt_44CosmosCoreINTsIRQContext', ID = '287'
Method 'SystemVoidCosmosCoreINTsHandleInterrupt_45CosmosCoreINTsIRQContext', ID = '288'
Method 'SystemVoidCosmosCoreINTsHandleInterrupt_46CosmosCoreINTsIRQContext', ID = '289'
Method 'SystemVoidCosmosCoreINTsHandleInterrupt_47CosmosCoreINTsIRQContext', ID = '290'
Method 'SystemVoidCosmosCoreINTsHandleInterrupt_48CosmosCoreINTsIRQContext', ID = '291'
Method 'SystemVoidCosmosCoreINTsHandleInterrupt_49CosmosCoreINTsIRQContext', ID = '292'
Method 'SystemVoidCosmosCoreIOGroupPICctorSystemBoolean', ID = '294'
Method 'SystemVoidCosmosCorePICRemapSystemByteSystemByteSystemByteSystemByte', ID = '295'
Method 'SystemVoidCosmosCorePlugsCPUImplUpdateIDTSystemBoolean', ID = '296'
Method 'SystemVoidCosmosCorePlugsCPUImplInitSSE', ID = '297'
Method 'SystemVoidCosmosCorePlugsCPUImplInitFloat', ID = '298'
Method 'SystemVoidCosmosCoreBaseIOGroupsctor', ID = '300'
Method 'SystemVoidCosmosCoreIOGroupMousector', ID = '302'
Method 'SystemVoidCosmosCoreIOGroupPCSpeakerctor', ID = '304'
Method 'SystemVoidCosmosHALKeyboardset_KeyLayoutCosmosHALScanMapBase', ID = '308'
Method 'SystemVoidCosmosHALPS2KeyboardInitialize', ID = '309'
Method 'SystemVoidCosmosHALPS2KeyboardUpdateLeds', ID = '310'
Method 'SystemVoidCosmosCoreIOGroupTextScreenctor', ID = '312'
Method 'SystemVoidCosmosHALTextScreenBasector', ID = '313'
Method 'SystemVoidCosmosHALPCISetup', ID = '322'
Method 'SystemVoidCosmosHALBlockDeviceAtaPioctorCosmosCoreIOGroupATACosmosHALBlockDeviceAtaControllerIdEnumCosmosHALBlockDeviceAtaBusPositionEnum', ID = '325'
Method 'CosmosHALBlockDeviceAtaPioSpecLevelCosmosHALBlockDeviceAtaPioget_DriveType', ID = '326'
Method 'SystemVoidSystemCollectionsGenericList1CosmosHALBlockDeviceBlockDeviceAddCosmosHALBlockDeviceBlockDevice', ID = '329'
Method 'SystemVoidCosmosHALBlockDeviceMBRctorSystemBytearray', ID = '334'
Method 'SystemVoidCosmosHALBlockDeviceEBRctorSystemBytearray', ID = '336'
Method 'SystemInt32SystemCollectionsGenericList1CosmosHALBlockDeviceEBRPartInfoget_Count', ID = '338'
Method 'SystemInt32SystemCollectionsGenericList1CosmosHALBlockDeviceMBRPartInfoget_Count', ID = '339'
Method 'SystemVoidCosmosDebugKernelDebuggerSendNumberSystemInt32', ID = '340'
Method 'CosmosHALBlockDeviceMBRPartInfoSystemCollectionsGenericList1CosmosHALBlockDeviceMBRPartInfoget_ItemSystemInt32', ID = '341'
Method 'SystemStringSystemStringConcatSystemObjectSystemObject', ID = '342'
Method 'SystemVoidCosmosHALBlockDevicePartitionctorCosmosHALBlockDeviceBlockDeviceSystemUInt64SystemUInt64', ID = '344'
Method 'SystemVoidCosmosSystemPlugsSystemConsoleImplClear', ID = '348'
Method 'SystemVoidCosmosSystemFileSystemVFSVFSBasector', ID = '350'
Method 'SystemVoidCosmosCorePlugsCPUImplDoEnableInterrupts', ID = '355'
Method 'SystemStringCosmosSystemPlugsSystemIODirectoryImplGetCurrentDirectory', ID = '357'
Method 'SystemBooleanSystemStringIsNullOrEmptySystemString', ID = '358'
Method 'SystemVoidSystemStringFillStringCheckedSystemStringSystemInt32SystemString', ID = '361'
Method 'SystemStringCosmosSystemPlugsSystemConsoleImplReadLine', ID = '365'
Method 'SystemBooleanSystemStringEqualsSystemStringSystemString', ID = '366'
Method 'SystemStringSystemStringConcatSystemObjectarray', ID = '369'
Method 'SystemVoidUtilitiesColorDebug', ID = '372'
Method 'SystemVoidCommandsMonitorModifySystemStringSystemString', ID = '373'
Method 'SystemVoidKratDOSMercuryfrKernelRun', ID = '374'
Method 'SystemVoidCosmosSystemPowerReboot', ID = '375'
Method 'SystemVoidSystemTextUnicodeEncodingctorSystemBooleanSystemBoolean', ID = '379'
Method 'SystemVoidCosmosSystemPlugsSystemConsoleImplcctor', ID = '388'
Method 'SystemVoidCosmosSystemConsoleWriteCharSystemChar', ID = '391'
Method 'SystemVoidCosmosSystemConsoleUpdateCursor', ID = '393'
Method 'SystemStringCosmosCommonStringHelperGetNumberStringSystemInt32', ID = '398'
Method 'SystemStringCosmosCommonStringHelperGetNumberStringSystemUInt32', ID = '401'
Method 'SystemUInt32CosmosCorePlugsCPUImplGetEndOfKernel', ID = '404'
Method 'SystemVoidCosmosCorePlugsCPUImplZeroFillSystemUInt32SystemUInt32', ID = '405'
Method 'SystemVoidCosmosCoreMemoryOldHeapcctor', ID = '406'
Method 'SystemVoidCosmosCoreMemoryOldHeapDoInitializeSystemUInt32', ID = '410'
Method 'SystemVoidCosmosSystemPlugsSystemEnumImplCctor', ID = '415'
Method 'SystemStringCosmosSystemPlugsSystemIntPtrImplToString', ID = '416'
Method 'SystemVoidCosmosCoreCPUctor', ID = '417'
Method 'SystemVoidCosmosCoreINTscctor', ID = '418'
Method 'CosmosCorePICCosmosCoreGlobalget_PIC', ID = '420'
Method 'SystemVoidCosmosCorePICEoiSlave', ID = '421'
Method 'SystemVoidCosmosCorePICEoiMaster', ID = '422'
Method 'SystemVoidCosmosCoreINTsHandleExceptionSystemUInt32SystemStringSystemStringCosmosCoreINTsIRQContextSystemUInt32', ID = '423'
Method 'SystemVoidCosmosCorePlugsSystemDelegateImplInvoke', ID = '548'
Method 'SystemVoidCosmosCoreINTsIRQSystemUInt32CosmosCoreINTsIRQContext', ID = '427'
Method 'SystemVoidCosmosCoreIOPortctorSystemUInt16', ID = '430'
Method 'SystemVoidCosmosCoreIOGroupIOGroupctor', ID = '431'
Method 'SystemByteCosmosCoreIOPortget_Byte', ID = '432'
Method 'SystemVoidCosmosCoreIOPortset_ByteSystemByte', ID = '433'
Method 'SystemVoidCosmosCoreIOPortWait', ID = '434'
Method 'SystemVoidCosmosSystemScanMapsUS_StandardInitKeys', ID = '436'
Method 'SystemVoidCosmosCoreIOGroupKeyboardctor', ID = '437'
Method 'SystemVoidCosmosCoreIOGroupPITctor', ID = '438'
Method 'SystemVoidCosmosCoreIOGroupATActorSystemBoolean', ID = '439'
Method 'SystemVoidCosmosCoreIOGroupRTCctor', ID = '440'
Method 'SystemVoidCosmosCoreIOGroupVBEctor', ID = '441'
Method 'SystemVoidSystemCollectionsGenericQueue1CosmosHALKeyEventcctor', ID = '444'
Method 'SystemVoidCosmosHALPS2KeyboardHandleIRQCosmosCoreINTsIRQContext', ID = '445'
Method 'SystemVoidCosmosCorePlugsSystemDelegateImplCtorSystemObjectSystemIntPtr', ID = '573'
Method 'SystemVoidCosmosCoreINTsSetIrqHandlerSystemByteCosmosCoreINTsIRQDelegate', ID = '447'
Method 'SystemVoidCosmosCoreMemoryBlockctorSystemUInt32SystemUInt32', ID = '448'
Method 'SystemVoidCosmosHALTextScreenSetColorsSystemConsoleColorSystemConsoleColor', ID = '451'
Method 'SystemUInt16CosmosHALTextScreenget_Cols', ID = '453'
Method 'SystemUInt16CosmosHALTextScreenget_Rows', ID = '454'
Method 'SystemVoidCosmosHALTextScreenSetCursorSizeSystemInt32', ID = '455'
Method 'SystemVoidCosmosHALTextScreenSetCursorVisibleSystemBoolean', ID = '456'
Method 'SystemVoidCosmosSystemPlugsSystemConsoleImplWriteLine', ID = '457'
Method 'SystemVoidCosmosHALPCIEnumerateDevices', ID = '459'
Method 'SystemVoidCosmosHALBlockDeviceAtactor', ID = '462'
Method 'SystemVoidCosmosCoreIOPortWriteset_ByteSystemByte', ID = '463'
Method 'CosmosHALBlockDeviceAtaPioSpecLevelCosmosHALBlockDeviceAtaPioDiscoverDrive', ID = '464'
Method 'SystemVoidCosmosHALBlockDeviceAtaPioInitDrive', ID = '465'
Method 'SystemVoidCosmosHALBlockDeviceBlockDevicecctor', ID = '467'
Method 'SystemVoidSystemCollectionsGenericList1CosmosHALBlockDeviceBlockDeviceEnsureCapacitySystemInt32', ID = '469'
Method 'SystemVoidCosmosHALBlockDeviceAtacctor', ID = '470'
Method 'SystemStringCosmosHALBlockDeviceAtaToString', ID = '471'
Method 'SystemVoidCosmosHALBlockDeviceAtaPioReadBlockSystemUInt64SystemUInt64SystemBytearray', ID = '475'
Method 'SystemVoidSystemCollectionsGenericList1CosmosHALBlockDeviceMBRPartInfoctor', ID = '476'
Method 'SystemVoidCosmosHALBlockDeviceMBRParsePartitionSystemBytearraySystemUInt32', ID = '477'
Method 'SystemVoidSystemCollectionsGenericList1CosmosHALBlockDeviceEBRPartInfoctor', ID = '478'
Method 'SystemVoidCosmosHALBlockDeviceEBRParsePartitionSystemBytearraySystemUInt32', ID = '479'
Method 'SystemVoidSystemThrowHelperThrowArgumentOutOfRangeException', ID = '483'
Method 'SystemVoidCosmosHALBlockDeviceBlockDevicector', ID = '485'
Method 'SystemUInt64CosmosHALBlockDeviceBlockDeviceget_BlockSize', ID = '486'
Method 'SystemVoidCosmosSystemConsoleClear', ID = '487'
Method 'SystemVoidCosmosSystemFileSystemCosmosVFSInitialize', ID = '488'
Method 'SystemInt32CosmosCorePlugsSystemStringImplget_LengthSystemInt32', ID = '491'
Method 'SystemStringCosmosCorePlugsSystemStringImplFastAllocateStringSystemInt32', ID = '492'
Method 'SystemVoidSystemIndexOutOfRangeExceptionctor', ID = '493'
Method 'SystemVoidSystemStringwstrcpySystemCharpointerSystemCharpointerSystemInt32', ID = '494'
Method 'SystemVoidCosmosSystemPlugsSystemConsoleImplset_ForegroundColorSystemConsoleColor', ID = '495'
Method 'SystemVoidCosmosSystemPlugsSystemConsoleImplWriteSystemString', ID = '496'
Method 'SystemVoidSystemCollectionsGenericList1SystemCharctorSystemInt32', ID = '497'
Method 'CosmosHALConsoleKeyExCosmosHALKeyEventget_Key', ID = '498'
Method 'SystemInt32CosmosSystemConsoleget_X', ID = '499'
Method 'SystemVoidSystemCollectionsGenericList1SystemCharRemoveAtSystemInt32', ID = '500'
Method 'SystemVoidCosmosSystemConsoleset_XSystemInt32', ID = '501'
Method 'SystemCharSystemCollectionsGenericList1SystemCharget_ItemSystemInt32', ID = '502'
Method 'SystemVoidCosmosSystemPlugsSystemConsoleImplWriteSystemChar', ID = '503'
Method 'SystemInt32SystemCollectionsGenericList1SystemCharget_Count', ID = '504'
Method 'SystemCharCosmosHALKeyEventget_KeyChar', ID = '505'
Method 'SystemVoidSystemCollectionsGenericList1SystemCharAddSystemChar', ID = '506'
Method 'SystemVoidSystemCollectionsGenericList1SystemCharctor', ID = '507'
Method 'CosmosHALKeyEventCosmosHALKeyboardReadKey', ID = '508'
Method 'SystemChararraySystemCollectionsGenericList1SystemCharToArray', ID = '509'
Method 'SystemVoidCosmosSystemPlugsSystemConsoleImplset_BackgroundColorSystemConsoleColor', ID = '512'
Method 'SystemVoidSystemArgumentNullExceptionctorSystemString', ID = '513'
Method 'SystemStringSystemStringConcatArraySystemStringarraySystemInt32', ID = '515'
Method 'SystemVoidCommandsfrhelpSystemString', ID = '520'
Method 'SystemVoidKratOSSysfrCredits', ID = '521'
Method 'SystemVoidCommandsMonitorfrModify', ID = '522'
Method 'SystemVoidCommandsfrbadcmd', ID = '523'
Method 'SystemVoidCosmosHALPowerReboot', ID = '525'
Method 'SystemStringarrayCosmosSystemPlugsSystemIODirectoryImplGetDirectoriesSystemString', ID = '526'
Method 'SystemStringarrayCosmosSystemPlugsSystemIODirectoryImplGetFilesSystemString', ID = '527'
Method 'SystemVoidSystemTextUnicodeEncodingctorSystemBooleanSystemBooleanSystemBoolean', ID = '529'
Method 'SystemCharCosmosCorePlugsSystemStringImplget_CharsSystemInt32SystemCharpointer', ID = '533'
Method 'SystemVoidCosmosHALTextScreenScrollUp', ID = '535'
Method 'SystemVoidCosmosCorePlugsSystemStringImplcctor', ID = '537'
Method 'SystemStringCosmosIL2CPUPlugsSystemExceptionImplget_Message', ID = '539'
Method 'SystemVoidCosmosCorePlugsCPUImplDoDisableInterrupts', ID = '540'
Method 'SystemUInt32CosmosCorePlugsCPUImplGetAmountOfRAM', ID = '541'
Method 'SystemVoidCosmosCoreINTsPutErrorCharSystemInt32SystemInt32SystemChar', ID = '546'
Method 'SystemVoidCosmosCoreINTsPutErrorStringSystemInt32SystemInt32SystemString', ID = '547'
Method 'SystemVoidCosmosCoreIOPortBasectorSystemUInt16', ID = '550'
Method 'SystemVoidSystemCollectionsGenericList1CosmosHALKeyMappingctorSystemInt32', ID = '554'
Method 'SystemVoidCosmosHALKeyMappingctorSystemUInt32CosmosHALConsoleKeyEx', ID = '555'
Method 'SystemVoidSystemCollectionsGenericList1CosmosHALKeyMappingAddCosmosHALKeyMapping', ID = '556'
Method 'SystemVoidCosmosHALKeyMappingctorSystemUInt32SystemCharSystemCharSystemCharSystemCharSystemCharSystemCharCosmosHALConsoleKeyEx', ID = '557'
Method 'SystemVoidCosmosHALKeyMappingctorSystemUInt32SystemCharCosmosHALConsoleKeyEx', ID = '558'
Method 'SystemVoidCosmosHALKeyMappingctorSystemUInt32SystemCharSystemCharSystemCharSystemCharSystemCharSystemCharCosmosHALConsoleKeyExCosmosHALConsoleKeyEx', ID = '559'
Method 'SystemVoidCosmosCoreIOPortWritectorSystemUInt16', ID = '562'
Method 'SystemUInt16CosmosCoreIOGroupATAGetBAR0SystemBoolean', ID = '563'
Method 'SystemUInt16CosmosCoreIOGroupATAGetBAR1SystemBoolean', ID = '564'
Method 'SystemVoidCosmosCoreIOPortWritectorSystemUInt16SystemUInt16', ID = '565'
Method 'SystemVoidCosmosCoreIOPortctorSystemUInt16SystemUInt16', ID = '566'
Method 'SystemVoidCosmosCoreIOPortReadctorSystemUInt16SystemUInt16', ID = '567'
Method 'SystemVoidCosmosCoreMemoryBlock08ctorSystemUInt32SystemUInt32', ID = '570'
Method 'SystemVoidCosmosCoreINTsSetIntHandlerSystemByteCosmosCoreINTsIRQDelegate', ID = '574'
Method 'SystemVoidCosmosCoreMemoryBlock16ctorSystemUInt32SystemUInt32', ID = '575'
Method 'SystemVoidCosmosCoreMemoryBlock32ctorSystemUInt32SystemUInt32', ID = '576'
Method 'SystemVoidCosmosHALPCIcctor', ID = '578'
Method 'SystemVoidSystemCollectionsGenericList1CosmosHALPCIDevicector', ID = '579'
Method 'SystemVoidCosmosHALBlockDeviceAtaPiocctor', ID = '581'
Method 'SystemStringCosmosHALBlockDeviceAtaPioToString', ID = '582'
Method 'SystemVoidCosmosHALBlockDeviceAtaPioSelectDriveSystemByte', ID = '584'
Method 'CosmosHALBlockDeviceAtaPioStatusCosmosHALBlockDeviceAtaPioSendCmdCosmosHALBlockDeviceAtaPioCmdSystemBoolean', ID = '585'
Method 'CosmosHALBlockDeviceAtaPioStatusCosmosHALBlockDeviceAtaPioSendCmdCosmosHALBlockDeviceAtaPioCmd', ID = '586'
Method 'SystemVoidCosmosCoreIOPortBaseRead16SystemUInt16array', ID = '587'
Method 'SystemStringCosmosHALBlockDeviceAtaPioGetStringSystemUInt16arraySystemInt32SystemInt32', ID = '588'
Method 'SystemVoidSystemCollectionsGenericList1CosmosHALBlockDeviceBlockDevicector', ID = '589'
Method 'SystemVoidSystemCollectionsGenericList1CosmosHALBlockDeviceBlockDevicecctor', ID = '590'
Method 'SystemVoidSystemCollectionsGenericList1CosmosHALBlockDeviceBlockDeviceset_CapacitySystemInt32', ID = '591'
Method 'SystemStringCosmosSystemPlugsSystemByteImplToString', ID = '592'
Method 'SystemVoidCosmosHALBlockDeviceBlockDeviceCheckDataSizeSystemBytearraySystemUInt64', ID = '594'
Method 'SystemVoidCosmosHALBlockDeviceAtaPioSelectSectorSystemUInt64SystemUInt64', ID = '595'
Method 'SystemVoidCosmosCoreIOPortBaseRead8SystemBytearray', ID = '596'
Method 'SystemUInt32CosmosCommonExtensionsByteConverterToUInt32SystemBytearraySystemUInt64', ID = '598'
Method 'SystemVoidCosmosHALBlockDeviceMBRPartInfoctorSystemByteSystemUInt32SystemUInt32', ID = '599'
Method 'SystemVoidSystemCollectionsGenericList1CosmosHALBlockDeviceMBRPartInfoAddCosmosHALBlockDeviceMBRPartInfo', ID = '600'
Method 'SystemVoidCosmosHALBlockDeviceEBRPartInfoctorSystemByteSystemUInt32SystemUInt32', ID = '602'
Method 'SystemVoidSystemCollectionsGenericList1CosmosHALBlockDeviceEBRPartInfoAddCosmosHALBlockDeviceEBRPartInfo', ID = '603'
Method 'SystemVoidSystemCollectionsGenericList1CosmosHALBlockDeviceEBRPartInfocctor', ID = '604'
Method 'SystemVoidSystemCollectionsGenericList1CosmosHALBlockDeviceMBRPartInfocctor', ID = '605'
Method 'SystemVoidCosmosDebugKernelPlugsDebuggerDoSendNumberSystemInt32', ID = '606'
Method 'SystemVoidSystemThrowHelperThrowArgumentOutOfRangeExceptionSystemExceptionArgumentSystemExceptionResource', ID = '607'
Method 'SystemStringCosmosHALBlockDevicePartitionToString', ID = '608'
Method 'SystemVoidCosmosHALBlockDevicePartitionReadBlockSystemUInt64SystemUInt64SystemBytearray', ID = '609'
Method 'SystemVoidSystemCollectionsGenericList1CosmosHALBlockDevicePartitionctor', ID = '611'
Method 'SystemVoidSystemCollectionsGenericList1CosmosSystemFileSystemFileSystemctor', ID = '612'
Method 'SystemVoidCosmosSystemFileSystemCosmosVFSInitializePartitions', ID = '613'
Method 'SystemInt32SystemCollectionsGenericList1CosmosHALBlockDevicePartitionget_Count', ID = '614'
Method 'SystemVoidCosmosSystemFileSystemCosmosVFSInitializeFileSystems', ID = '615'
Method 'SystemVoidCosmosSystemPlugsSystemIODirectoryImplcctor', ID = '616'
Method 'SystemVoidSystemBufferMemcpySystemBytepointerSystemBytepointerSystemInt32', ID = '620'
Method 'SystemVoidCosmosSystemConsoleset_ForegroundSystemConsoleColor', ID = '621'
Method 'SystemVoidSystemArrayCopySystemArraySystemInt32SystemArraySystemInt32SystemInt32', ID = '625'
Method 'SystemVoidSystemCollectionsGenericList1SystemCharEnsureCapacitySystemInt32', ID = '626'
Method 'CosmosCoreCPUCosmosCoreGlobalget_CPU', ID = '627'
Method 'SystemInt32SystemCollectionsGenericQueue1CosmosHALKeyEventget_Count', ID = '629'
Method 'CosmosHALKeyEventSystemCollectionsGenericQueue1CosmosHALKeyEventDequeue', ID = '630'
Method 'SystemVoidCosmosCorePlugsSystemStringImplCtorSystemChararraySystemStringSystemInt32SystemCharpointer', ID = '632'
Method 'SystemBooleanCosmosCorePlugsSystemStringImplEqualsHelperSystemStringSystemString', ID = '633'
Method 'SystemVoidCosmosSystemConsoleset_BackgroundSystemConsoleColor', ID = '634'
Method 'SystemVoidSystemArgumentExceptionctorSystemStringSystemString', ID = '636'
Method 'SystemVoidCosmosIL2CPUPlugsSystemOutOfMemoryExceptionImplCtor', ID = '638'
Method 'SystemVoidCosmosSystemPlugsSystemConsoleImplWriteSystemInt32', ID = '639'
Method 'SystemVoidStringscctor', ID = '640'
Method 'SystemVoidCosmosCoreCPUReboot', ID = '642'
Method 'SystemVoidSystemCollectionsGenericList1SystemStringctor', ID = '643'
Method 'SystemCollectionsGenericList1CosmosSystemFileSystemListingDirectoryEntryCosmosSystemFileSystemVFSVFSManagerGetDirectoryListingSystemString', ID = '644'
Method 'CosmosSystemFileSystemListingDirectoryEntrySystemCollectionsGenericList1CosmosSystemFileSystemListingDirectoryEntryget_ItemSystemInt32', ID = '645'
Method 'SystemVoidSystemCollectionsGenericList1SystemStringAddSystemString', ID = '647'
Method 'SystemInt32SystemCollectionsGenericList1CosmosSystemFileSystemListingDirectoryEntryget_Count', ID = '648'
Method 'SystemStringarraySystemCollectionsGenericList1SystemStringToArray', ID = '649'
Method 'SystemVoidSystemTextEncodingctorSystemInt32', ID = '651'
Method 'SystemVoidSystemTextEncodingSetDefaultFallbacks', ID = '652'
Method 'SystemVoidCosmosHALTextScreenset_ItemSystemInt32SystemInt32SystemChar', ID = '655'
Method 'SystemVoidCosmosCoreMemoryBlockMoveDownSystemUInt32SystemUInt32SystemUInt32', ID = '656'
Method 'SystemVoidCosmosCoreMemoryBlockFillSystemUInt32SystemUInt32SystemUInt16', ID = '657'
Method 'SystemVoidCosmosHALTextScreenSetCursorPosSystemInt32SystemInt32', ID = '658'
Method 'SystemVoidCosmosCommonStringHelpercctor', ID = '660'
Method 'SystemByteCosmosCorePlugsIOPortImplRead8SystemUInt16', ID = '662'
Method 'SystemVoidCosmosCorePlugsIOPortImplWrite8SystemUInt16SystemByte', ID = '663'
Method 'SystemVoidSystemCollectionsGenericList1CosmosHALKeyMappingEnsureCapacitySystemInt32', ID = '667'
Method 'SystemVoidCosmosHALKeyMappingctorSystemUInt32SystemCharSystemCharSystemCharSystemCharSystemCharSystemCharSystemCharSystemCharSystemCharSystemCharCosmosHALConsoleKeyEx', ID = '668'
Method 'SystemVoidCosmosHALKeyMappingctorSystemUInt32SystemCharSystemCharSystemCharSystemCharSystemCharSystemCharSystemCharCosmosHALConsoleKeyExCosmosHALConsoleKeyEx', ID = '669'
Method 'SystemVoidCosmosCoreIOPortBasectorSystemUInt16SystemUInt16', ID = '670'
Method 'SystemVoidCosmosHALPS2KeyboardHandleScancodeSystemByteSystemBoolean', ID = '673'
Method 'SystemStringCosmosSystemPlugsSystemUInt16ImplToString', ID = '676'
Method 'SystemVoidCosmosHALBlockDeviceAtaPioWait', ID = '681'
Method 'SystemByteCosmosCoreIOPortReadget_Byte', ID = '684'
Method 'SystemVoidCosmosHALBlockDeviceAtaPioDebugSystemString', ID = '685'
Method 'SystemVoidCosmosHALBlockDeviceAtaPioDebugHexSystemStringSystemUInt32', ID = '686'
Method 'SystemStringCosmosSystemPlugsSystemUInt64ImplToString', ID = '692'
Method 'SystemVoidCosmosHALBlockDeviceBlockDeviceCheckBlockNoSystemUInt64SystemUInt64', ID = '693'
Method 'SystemVoidCosmosCoreIOPortWriteset_WordSystemUInt16', ID = '694'
Method 'SystemVoidSystemCollectionsGenericList1CosmosHALBlockDeviceMBRPartInfoEnsureCapacitySystemInt32', ID = '696'
Method 'SystemVoidSystemCollectionsGenericList1CosmosHALBlockDeviceEBRPartInfoEnsureCapacitySystemInt32', ID = '698'
Method 'SystemBooleanSystemCompatibilitySwitchesget_IsAppEarlierThanWindowsPhone8', ID = '700'
Method 'SystemStringSystemThrowHelperGetArgumentNameSystemExceptionArgument', ID = '701'
Method 'SystemVoidSystemArgumentOutOfRangeExceptionctorSystemStringSystemString', ID = '702'
Method 'SystemVoidCosmosHALTextScreenClear', ID = '703'
Method 'CosmosHALBlockDeviceBlockDeviceSystemCollectionsGenericList1CosmosHALBlockDeviceBlockDeviceget_ItemSystemInt32', ID = '708'
Method 'SystemVoidSystemCollectionsGenericList1CosmosHALBlockDevicePartitionAddCosmosHALBlockDevicePartition', ID = '709'
Method 'SystemInt32SystemCollectionsGenericList1CosmosHALBlockDeviceBlockDeviceget_Count', ID = '710'
Method 'CosmosHALBlockDevicePartitionSystemCollectionsGenericList1CosmosHALBlockDevicePartitionget_ItemSystemInt32', ID = '711'
Method 'SystemStringSystemStringConcatSystemObjectSystemObjectSystemObject', ID = '712'
Method 'SystemUInt64CosmosHALBlockDeviceBlockDeviceget_BlockCount', ID = '713'
Method 'SystemCharCosmosSystemFileSystemVFSVFSBaseget_VolumeSeparatorChar', ID = '714'
Method 'SystemCharCosmosSystemFileSystemVFSVFSBaseget_DirectorySeparatorChar', ID = '715'
Method 'CosmosSystemFileSystemFileSystemTypeCosmosSystemFileSystemFileSystemGetFileSystemTypeCosmosHALBlockDevicePartition', ID = '716'
Method 'SystemVoidCosmosSystemFileSystemFATFatFileSystemctorCosmosHALBlockDevicePartitionSystemString', ID = '717'
Method 'SystemVoidSystemCollectionsGenericList1CosmosSystemFileSystemFileSystemAddCosmosSystemFileSystemFileSystem', ID = '718'
Method 'SystemInt32SystemCollectionsGenericList1CosmosSystemFileSystemFileSystemget_Count', ID = '719'
Method 'CosmosSystemFileSystemFileSystemSystemCollectionsGenericList1CosmosSystemFileSystemFileSystemget_ItemSystemInt32', ID = '720'
Method 'SystemStringCosmosSystemFileSystemFileSystemget_mRootPath', ID = '721'
Method 'SystemVoidSystemBufferMemmoveSystemBytepointerSystemBytepointerSystemUInt32', ID = '726'
Method 'SystemConsoleColorCosmosSystemConsoleget_Background', ID = '727'
Method 'SystemVoidSystemCollectionsGenericList1SystemCharcctor', ID = '728'
Method 'SystemVoidSystemCollectionsGenericList1SystemCharset_CapacitySystemInt32', ID = '730'
Method 'SystemVoidCosmosCorePlugsCPUImplHalt', ID = '731'
Method 'SystemConsoleColorCosmosSystemConsoleget_Foreground', ID = '734'
Method 'SystemStringSystemArgumentExceptionget_Message', ID = '736'
Method 'SystemVoidSystemCollectionsGenericList1SystemStringEnsureCapacitySystemInt32', ID = '742'
Method 'SystemVoidSystemArgumentOutOfRangeExceptionctorSystemString', ID = '743'
Method 'SystemVoidSystemTextUnicodeEncodingSetDefaultFallbacks', ID = '744'
Method 'SystemVoidSystemTextInternalEncoderBestFitFallbackctorSystemTextEncoding', ID = '745'
Method 'SystemVoidSystemTextInternalDecoderBestFitFallbackctorSystemTextEncoding', ID = '746'
Method 'SystemVoidCosmosSystemPlugsSystemCharImplCctor', ID = '747'
Method 'SystemStringCosmosSystemPlugsSystemCharImplToString', ID = '748'
Method 'SystemVoidCosmosCoreMemoryBlock08set_ItemSystemUInt32SystemByte', ID = '749'
Method 'SystemVoidSystemCollectionsGenericList1CosmosHALKeyMappingcctor', ID = '752'
Method 'SystemVoidSystemCollectionsGenericList1CosmosHALKeyMappingset_CapacitySystemInt32', ID = '753'
Method 'SystemVoidCosmosHALKeyMappingctorSystemUInt32SystemCharSystemCharSystemCharSystemCharSystemCharSystemCharSystemCharSystemCharSystemCharSystemCharCosmosHALConsoleKeyExCosmosHALConsoleKeyEx', ID = '754'
Method 'SystemBooleanCosmosHALGlobalget_CapsLock', ID = '755'
Method 'SystemBooleanCosmosHALGlobalget_NumLock', ID = '756'
Method 'SystemBooleanCosmosHALGlobalget_ScrollLock', ID = '757'
Method 'SystemVoidCosmosHALKeyboardset_ControlPressedSystemBoolean', ID = '758'
Method 'SystemVoidCosmosHALKeyboardset_ShiftPressedSystemBoolean', ID = '759'
Method 'SystemVoidCosmosHALKeyboardset_AltPressedSystemBoolean', ID = '760'
Method 'SystemBooleanCosmosHALKeyboardget_ControlPressed', ID = '761'
Method 'SystemBooleanCosmosHALKeyboardget_AltPressed', ID = '762'
Method 'SystemBooleanCosmosHALPS2KeyboardGetKeySystemByteSystemBooleanCosmosHALKeyEvent', ID = '763'
Method 'SystemVoidCosmosHALKeyboardEnqueueCosmosHALKeyEvent', ID = '764'
Method 'SystemVoidSystemCollectionsGenericList1CosmosHALPCIDevicecctor', ID = '767'
Method 'SystemVoidCosmosDebugKernelDebuggerSendNumberSystemUInt32', ID = '768'
Method 'SystemUInt16CosmosCorePlugsIOPortImplRead16SystemUInt16', ID = '769'
Method 'SystemStringCosmosCommonStringHelperGetNumberStringSystemUInt64', ID = '772'
Method 'SystemVoidSystemCollectionsGenericList1CosmosHALBlockDeviceMBRPartInfoset_CapacitySystemInt32', ID = '774'
Method 'SystemVoidSystemCollectionsGenericList1CosmosHALBlockDeviceEBRPartInfoset_CapacitySystemInt32', ID = '775'
Method 'SystemVoidCosmosCoreMemoryBlockFillSystemUInt16', ID = '778'
Method 'SystemVoidSystemCollectionsGenericList1CosmosHALBlockDevicePartitioncctor', ID = '779'
Method 'SystemVoidSystemCollectionsGenericList1CosmosSystemFileSystemFileSystemcctor', ID = '780'
Method 'SystemVoidSystemCollectionsGenericList1CosmosHALBlockDevicePartitionEnsureCapacitySystemInt32', ID = '781'
Method 'SystemStringSystemStringConcatSystemStringSystemStringSystemString', ID = '782'
Method 'SystemBooleanCosmosSystemFileSystemFATFatFileSystemIsDeviceFatCosmosHALBlockDevicePartition', ID = '785'
Method 'SystemVoidCosmosSystemFileSystemFileSystemctorCosmosHALBlockDevicePartitionSystemString', ID = '787'
Method 'CosmosHALBlockDevicePartitionCosmosSystemFileSystemFileSystemget_mDevice', ID = '788'
Method 'SystemBytearrayCosmosHALBlockDeviceBlockDeviceNewBlockArraySystemUInt32', ID = '789'
Method 'SystemUInt16CosmosCommonExtensionsByteConverterToUInt16SystemBytearraySystemUInt64', ID = '790'
Method 'SystemVoidCosmosSystemFileSystemFATFatFileSystemFatctorCosmosSystemFileSystemFATFatFileSystemSystemUInt64', ID = '792'
Method 'SystemVoidSystemCollectionsGenericList1CosmosSystemFileSystemFileSystemEnsureCapacitySystemInt32', ID = '793'
Method 'SystemVoidCosmosSystemFileSystemFATFatFileSystemDisplayFileSystemInfo', ID = '794'
Method 'SystemVoidCosmosSystemPlugsSystemIODirectoryImplSetCurrentDirectorySystemString', ID = '795'
Method 'SystemVoidSystemBuffer_MemmoveSystemBytepointerSystemBytepointerSystemUInt32', ID = '796'
Method 'SystemVoidCosmosCorePlugsSystemArrayImplCopySystemArraySystemInt32SystemArraySystemInt32SystemInt32SystemBoolean', ID = '798'
Method 'SystemInt32CosmosCorePlugsSystemStringImplCompareToSystemString', ID = '799'
Method 'SystemStringSystemEnvironmentget_NewLine', ID = '801'
Method 'SystemVoidSystemCollectionsGenericList1SystemStringcctor', ID = '802'
Method 'SystemVoidSystemCollectionsGenericList1CosmosSystemFileSystemListingDirectoryEntrycctor', ID = '803'
Method 'SystemCollectionsGenericList1CosmosSystemFileSystemListingDirectoryEntryCosmosSystemFileSystemCosmosVFSGetDirectoryListingSystemString', ID = '804'
Method 'SystemVoidSystemCollectionsGenericList1SystemStringset_CapacitySystemInt32', ID = '805'
Method 'SystemStringSystemArgumentOutOfRangeExceptionget_RangeMessage', ID = '806'
Method 'SystemTextEncoderFallbackSystemTextEncoderFallbackget_ExceptionFallback', ID = '807'
Method 'SystemTextDecoderFallbackSystemTextDecoderFallbackget_ExceptionFallback', ID = '808'
Method 'SystemVoidSystemTextEncoderReplacementFallbackctorSystemString', ID = '809'
Method 'SystemVoidSystemTextDecoderReplacementFallbackctorSystemString', ID = '810'
Method 'SystemVoidSystemTextEncoderFallbackctor', ID = '812'
Method 'SystemVoidSystemTextDecoderFallbackctor', ID = '815'
Method 'CosmosHALScanMapBaseCosmosHALKeyboardget_KeyLayout', ID = '820'
Method 'SystemBooleanCosmosHALKeyboardget_ShiftPressed', ID = '821'
Method 'CosmosHALKeyEventCosmosHALScanMapBaseConvertScanCodeSystemByteSystemBooleanSystemBooleanSystemBooleanSystemBooleanSystemBooleanSystemBoolean', ID = '822'
Method 'SystemVoidSystemCollectionsGenericQueue1CosmosHALKeyEventEnqueueCosmosHALKeyEvent', ID = '823'
Method 'SystemVoidCosmosCorePlugsIOPortImplWrite16SystemUInt16SystemUInt16', ID = '825'
Method 'SystemStringSystemArgumentOutOfRangeExceptionget_Message', ID = '826'
Method 'SystemVoidSystemCollectionsGenericList1CosmosHALBlockDevicePartitionset_CapacitySystemInt32', ID = '827'
Method 'SystemVoidSystemCollectionsGenericList1CosmosSystemFileSystemFileSystemset_CapacitySystemInt32', ID = '828'
Method 'SystemByteCosmosHALTextScreenGetColor', ID = '830'
Method 'SystemStringCosmosIL2CPUPlugsSystemEnvironmentImplGetResourceStringSystemStringSystemObjectarray', ID = '832'
Method 'CosmosSystemFileSystemFileSystemCosmosSystemFileSystemCosmosVFSGetFileSystemFromPathSystemString', ID = '834'
Method 'CosmosSystemFileSystemListingDirectoryEntryCosmosSystemFileSystemCosmosVFSDoGetDirectoryEntrySystemStringCosmosSystemFileSystemFileSystem', ID = '835'
Method 'SystemVoidSystemThreadingMonitorEnterSystemObjectSystemBoolean', ID = '840'
Method 'SystemVoidSystemTextEncoderExceptionFallbackctor', ID = '841'
Method 'SystemVoidSystemTextDecoderExceptionFallbackctor', ID = '845'
Method 'SystemBooleanSystemCharIsSurrogateSystemStringSystemInt32', ID = '847'
Method 'SystemBooleanSystemCharIsHighSurrogateSystemStringSystemInt32', ID = '848'
Method 'SystemVoidSystemArgumentExceptionctorSystemString', ID = '849'
Method 'SystemVoidCosmosHALKeyEventctor', ID = '851'
Method 'SystemConsoleModifiersCosmosHALKeyEventget_Modifiers', ID = '852'
Method 'SystemVoidCosmosHALKeyEventset_ModifiersSystemConsoleModifiers', ID = '853'
Method 'SystemVoidCosmosHALKeyEventset_TypeCosmosHALKeyEventKeyEventType', ID = '854'
Method 'SystemInt32SystemCollectionsGenericList1CosmosHALKeyMappingget_Count', ID = '855'
Method 'CosmosHALKeyMappingSystemCollectionsGenericList1CosmosHALKeyMappingget_ItemSystemInt32', ID = '856'
Method 'SystemVoidCosmosHALKeyEventset_KeyCharSystemChar', ID = '857'
Method 'SystemVoidCosmosHALKeyEventset_KeyCosmosHALConsoleKeyEx', ID = '858'
Method 'SystemVoidSystemCollectionsGenericQueue1CosmosHALKeyEventSetCapacitySystemInt32', ID = '859'
Method 'SystemVoidCosmosCorePlugsSystemBufferImpl__MemmoveSystemBytepointerSystemBytepointerSystemUInt32', ID = '860'
Method 'SystemStringarrayCosmosSystemFileSystemVFSVFSManagerSplitPathSystemString', ID = '863'
Method 'CosmosSystemFileSystemListingDirectoryEntryCosmosSystemFileSystemCosmosVFSGetVolumeCosmosSystemFileSystemFileSystem', ID = '864'
Method 'SystemStringSystemStringToLower', ID = '865'
Method 'SystemCollectionsGenericList1CosmosSystemFileSystemListingDirectoryEntryCosmosSystemFileSystemFATFatFileSystemGetDirectoryListingCosmosSystemFileSystemListingDirectoryEntry', ID = '866'
Method 'SystemObjectCosmosCorePlugsSystemTextEncoderFallbackImplget_InternalSyncObject', ID = '867'
Method 'SystemVoidSystemThreadingMonitorThrowLockTakenException', ID = '870'
Method 'SystemVoidCosmosSystemPlugsSystemThreadingMonitorImplExitSystemObject', ID = '873'
Method 'SystemObjectCosmosCorePlugsSystemTextDecoderFallbackImplget_InternalSyncObject', ID = '874'
Method 'SystemBooleanSystemCharIsSurrogateSystemChar', ID = '876'
Method 'SystemBooleanSystemCharIsHighSurrogateSystemChar', ID = '877'
Method 'SystemStringCosmosCorePlugsSystemStringImplFormatSystemStringSystemObjectarray', ID = '881'
Method 'SystemStringCosmosSystemPlugsSystemIOPathImplGetPathRootSystemString', ID = '883'
Method 'SystemChararrayCosmosSystemFileSystemVFSVFSManagerGetDirectorySeparators', ID = '884'
Method 'SystemStringarraySystemStringSplitSystemChararraySystemStringSplitOptions', ID = '885'
Method 'SystemVoidSystemCollectionsGenericList1CosmosSystemFileSystemListingDirectoryEntryctor', ID = '889'
Method 'SystemCollectionsGenericList1CosmosSystemFileSystemFATListingFatDirectoryEntryCosmosSystemFileSystemFATListingFatDirectoryEntryReadDirectoryContents', ID = '891'
Method 'CosmosSystemFileSystemFATListingFatDirectoryEntrySystemCollectionsGenericList1CosmosSystemFileSystemFATListingFatDirectoryEntryget_ItemSystemInt32', ID = '892'
Method 'SystemVoidSystemCollectionsGenericList1CosmosSystemFileSystemListingDirectoryEntryAddCosmosSystemFileSystemListingDirectoryEntry', ID = '893'
Method 'SystemInt32SystemCollectionsGenericList1CosmosSystemFileSystemFATListingFatDirectoryEntryget_Count', ID = '894'
Method 'SystemVoidCosmosSystemPlugsSystemThreadingMonitorImplReliableEnterSystemObjectSystemBoolean', ID = '896'
Method 'SystemStringCosmosCorePlugsSystemStringImplFormatHelperSystemIFormatProviderSystemStringSystemObjectarray', ID = '899'
Method 'SystemStringCosmosSystemPlugsSystemIOPathImplNormalizePathSystemStringSystemBoolean', ID = '902'
Method 'SystemInt32CosmosSystemPlugsSystemIOPathImplGetRootLengthSystemString', ID = '903'
Method 'SystemStringSystemStringSubstringSystemInt32SystemInt32', ID = '904'
Method 'SystemCharCosmosSystemFileSystemVFSVFSManagerGetDirectorySeparatorChar', ID = '906'
Method 'SystemCharCosmosSystemFileSystemVFSVFSManagerGetAltDirectorySeparatorChar', ID = '907'
Method 'SystemStringarraySystemStringSplitInternalSystemChararraySystemInt32SystemStringSplitOptions', ID = '909'
Method 'CosmosSystemFileSystemListingDirectoryEntryCosmosSystemFileSystemFATFatFileSystemGetRootDirectory', ID = '910'
Method 'SystemGlobalizationCultureInfoCosmosIL2CPUPlugsSystemGlobalizationCultureInfoImplget_CurrentCulture', ID = '912'
Method 'SystemStringCosmosCorePlugsSystemStringImplToLowerSystemGlobalizationCultureInfo', ID = '913'
Method 'SystemBytearrayCosmosSystemFileSystemFATListingFatDirectoryEntryGetDirectoryEntryData', ID = '915'
Method 'SystemVoidSystemCollectionsGenericList1CosmosSystemFileSystemFATListingFatDirectoryEntryctor', ID = '916'
Method 'SystemStringCosmosCommonExtensionsByteConverterGetUtf16StringSystemBytearraySystemUInt32SystemUInt32', ID = '917'
Method 'SystemStringSystemStringTrim', ID = '918'
Method 'SystemStringCosmosCommonExtensionsByteConverterGetAsciiStringSystemBytearraySystemUInt32SystemUInt32', ID = '919'
Method 'SystemStringSystemStringTrimEndSystemChararray', ID = '920'
Method 'SystemVoidCosmosSystemFileSystemFATListingFatDirectoryEntryctorCosmosSystemFileSystemFATFatFileSystemCosmosSystemFileSystemFATListingFatDirectoryEntrySystemStringSystemF1F0F3C3B2C9F29A1A436F08CC89B07B', ID = '922'
Method 'SystemVoidSystemCollectionsGenericList1CosmosSystemFileSystemFATListingFatDirectoryEntryAddCosmosSystemFileSystemFATListingFatDirectoryEntry', ID = '923'
Method 'SystemVoidSystemCollectionsGenericList1CosmosSystemFileSystemListingDirectoryEntryEnsureCapacitySystemInt32', ID = '924'
Method 'SystemVoidSystemFormatExceptionctorSystemString', ID = '927'
Method 'SystemInt32CosmosCommonStringHelperGetStringToNumberSystemString', ID = '928'
Method 'SystemVoidCosmosSystemPlugsSystemIOPathImplCctorSystemCharSystemCharSystemChar', ID = '930'
Method 'SystemBooleanCosmosSystemPlugsSystemIOPathImplIsRelativeSystemString', ID = '931'
Method 'SystemBooleanCosmosSystemPlugsSystemIOPathImplIsDirectorySeparatorSystemChar', ID = '932'
Method 'SystemStringSystemStringRemoveSystemInt32', ID = '933'
Method 'SystemCharCosmosSystemFileSystemVFSVFSManagerGetVolumeSeparatorChar', ID = '935'
Method 'SystemStringSystemStringInternalSubStringSystemInt32SystemInt32', ID = '936'
Method 'SystemInt32SystemStringMakeSeparatorListSystemChararraySystemInt32array', ID = '937'
Method 'SystemStringarraySystemStringInternalSplitOmitEmptyEntriesSystemInt32arraySystemInt32arraySystemInt32SystemInt32', ID = '938'
Method 'SystemStringarraySystemStringInternalSplitKeepEmptyEntriesSystemInt32arraySystemInt32arraySystemInt32SystemInt32', ID = '939'
Method 'SystemVoidCosmosSystemFileSystemFATListingFatDirectoryEntryctorCosmosSystemFileSystemFATFatFileSystemCosmosSystemFileSystemFATListingFatDirectoryEntrySystemStringSystemStringSystemUInt32', ID = '940'
Method 'SystemStringSystemGlobalizationCultureInfoToString', ID = '942'
Method 'SystemStringCosmosCorePlugsSystemStringImplChangeCasingSystemStringSystemInt32SystemInt32SystemInt32', ID = '944'
Method 'SystemVoidSystemCollectionsGenericList1CosmosSystemFileSystemFATListingFatDirectoryEntrycctor', ID = '945'
Method 'SystemVoidCosmosSystemFileSystemFATFatFileSystemReadSystemInt64SystemBytearraySystemInt64SystemInt64', ID = '946'
Method 'SystemStringSystemStringTrimHelperSystemInt32', ID = '949'
Method 'SystemStringSystemStringTrimHelperSystemChararraySystemInt32', ID = '950'
Method 'SystemStringCosmosSystemPlugsSystemIOPathImplCombineSystemStringSystemString', ID = '951'
Method 'SystemVoidCosmosSystemFileSystemListingDirectoryEntryctorCosmosSystemFileSystemFileSystemCosmosSystemFileSystemListingDirectoryEntrySystemStringSystemStringSystemInt64CF93FD9EBFA1014BD1A29AA4B98F76139', ID = '954'
Method 'SystemVoidSystemCollectionsGenericList1CosmosSystemFileSystemFATListingFatDirectoryEntryEnsureCapacitySystemInt32', ID = '955'
Method 'SystemVoidSystemCollectionsGenericList1CosmosSystemFileSystemListingDirectoryEntryset_CapacitySystemInt32', ID = '956'
Method 'SystemChararrayCosmosCorePlugsSystemStringImplToCharArray', ID = '957'
Method 'SystemBooleanSystemStringIsNullOrWhiteSpaceSystemString', ID = '959'
Method 'SystemBooleanCosmosSystemPlugsSystemCharImplIsDigitSystemChar', ID = '960'
Method 'SystemStringSystemStringSubstringSystemInt32', ID = '965'
Method 'SystemVoidCosmosIL2CPUPlugsSystemGlobalizationCultureInfoImplCCtor', ID = '966'
Method 'SystemBytearrayCosmosSystemFileSystemFATFatFileSystemNewBlockArray', ID = '968'
Method 'SystemVoidCosmosCorePlugsSystemStringImplCtorSystemChararraySystemInt32SystemInt32SystemStringSystemInt32SystemCharpointer', ID = '969'
Method 'SystemBooleanSystemStringIsBOMWhitespaceSystemChar', ID = '970'
Method 'SystemStringSystemStringCreateTrimmedStringSystemInt32SystemInt32', ID = '971'
Method 'SystemVoidCosmosSystemPlugsSystemIOPathImplCheckInvalidPathCharsSystemStringSystemBoolean', ID = '972'
Method 'SystemStringCosmosSystemPlugsSystemIOPathImplCombineNoChecksSystemStringSystemString', ID = '973'
Method 'SystemVoidSystemCollectionsGenericList1CosmosSystemFileSystemFATListingFatDirectoryEntryset_CapacitySystemInt32', ID = '975'
Method 'SystemBooleanCosmosSystemPlugsSystemCharImplIsWhiteSpaceSystemChar', ID = '976'
Method 'SystemChararrayCosmosSystemFileSystemVFSVFSManagerGetRealInvalidPathChars', ID = '977'
Method 'SystemInt32SystemStringIndexOfSystemChar', ID = '978'
Method 'SystemBooleanCosmosSystemPlugsSystemIOPathImplIsPathRootedSystemString', ID = '979'
Method 'SystemStringCosmosSystemPlugsSystemInt64ImplToString', ID = '980'
Method 'SystemVoidCosmosIL2CPUPlugsSystemRuntimeCompilerServicesRuntimeHelpersImplInitializeArraySystemArraySystemRuntimeFieldHandle', ID = '983'
Method 'SystemStringCosmosCommonStringHelperGetNumberStringSystemInt64', ID = '987'
Method 'SystemInt32CosmosCorePlugsSystemStringImplIndexOfSystemCharSystemInt32SystemInt32', ID = '991'
